app/build/intermediates/manifest_merge_blame_file/debug/processDebugMainManifest/manifest-merger-blame-debug-report.txt
1<?xml version="1.0" encoding="utf-8"?>
2<manifest xmlns:android="http://schemas.android.com/apk/res/android"
3    package="com.pifuhdc.viewer"
4    android:versionCode="3"
5    android:versionName="0.3.0" >
6
7    <uses-sdk
7-->INJECTED
8        android:minSdkVersion="26"
8-->INJECTED
9        android:targetSdkVersion="37" />
9-->INJECTED
10
11    <uses-feature
11-->src/main/AndroidManifest.xml:6:5-8:36
12        android:name="android.hardware.opengles.aep"
12-->src/main/AndroidManifest.xml:7:9-53
13        android:required="false" />
13-->src/main/AndroidManifest.xml:8:9-33
14
15    <application
15-->src/main/AndroidManifest.xml:10:5-37:19
16        android:allowBackup="true"
16-->src/main/AndroidManifest.xml:11:9-35
17        android:debuggable="true"
18        android:extractNativeLibs="true"
18-->INJECTED
19        android:label="@string/app_name"
19-->src/main/AndroidManifest.xml:12:9-41
20        android:supportsRtl="true"
20-->src/main/AndroidManifest.xml:13:9-35
21        android:theme="@style/AppTheme" >
21-->src/main/AndroidManifest.xml:14:9-40
22        <activity
22-->src/main/AndroidManifest.xml:16:9-35:20
23            android:name="com.pifuhdc.viewer.MainActivity"
23-->src/main/AndroidManifest.xml:17:13-41
24            android:exported="true" >
24-->src/main/AndroidManifest.xml:18:13-36
25            <intent-filter>
25-->src/main/AndroidManifest.xml:20:13-23:29
26                <action android:name="android.intent.action.MAIN" />
26-->src/main/AndroidManifest.xml:21:17-69
26-->src/main/AndroidManifest.xml:21:25-66
27
28                <category android:name="android.intent.category.LAUNCHER" />
28-->src/main/AndroidManifest.xml:22:17-77
28-->src/main/AndroidManifest.xml:22:27-74
29            </intent-filter>
30            <intent-filter>
30-->src/main/AndroidManifest.xml:25:13-33:29
31                <action android:name="android.intent.action.VIEW" />
31-->src/main/AndroidManifest.xml:26:17-69
31-->src/main/AndroidManifest.xml:26:25-66
32
33                <category android:name="android.intent.category.DEFAULT" />
33-->src/main/AndroidManifest.xml:27:17-76
33-->src/main/AndroidManifest.xml:27:27-73
34                <category android:name="android.intent.category.BROWSABLE" />
34-->src/main/AndroidManifest.xml:28:17-78
34-->src/main/AndroidManifest.xml:28:27-75
35
36                <data android:mimeType="model/gltf-binary" />
36-->src/main/AndroidManifest.xml:30:17-62
36-->src/main/AndroidManifest.xml:30:23-59
37                <data android:mimeType="model/gltf+json" />
37-->src/main/AndroidManifest.xml:30:17-62
37-->src/main/AndroidManifest.xml:30:23-59
38                <data android:mimeType="application/octet-stream" />
38-->src/main/AndroidManifest.xml:30:17-62
38-->src/main/AndroidManifest.xml:30:23-59
39            </intent-filter>
40        </activity>
41    </application>
42
43</manifest>